<?xml version="1.0" encoding="UTF-8"?>
<testng-results ignored="0" total="1" passed="1" failed="0" skipped="0">
  <reporter-output>
  </reporter-output>
  <suite started-at="2023-12-30T13:27:30 IST" name="Default suite" finished-at="2023-12-30T13:27:52 IST" duration-ms="21660">
    <groups>
    </groups>
    <test started-at="2023-12-30T13:27:30 IST" name="Default test" finished-at="2023-12-30T13:27:52 IST" duration-ms="21660">
      <class name="org.main.Flipkart">
        <test-method is-config="true" signature="launchChromeBrowser()[pri:0, instance:org.main.Flipkart@13e344d]" started-at="2023-12-30T13:27:30 IST" name="launchChromeBrowser" finished-at="2023-12-30T13:27:33 IST" duration-ms="3070" status="PASS">
          <reporter-output>
          </reporter-output>
        </test-method> <!-- launchChromeBrowser -->
        <test-method signature="tc1()[pri:0, instance:org.main.Flipkart@13e344d]" started-at="2023-12-30T13:27:33 IST" name="tc1" finished-at="2023-12-30T13:27:48 IST" duration-ms="15126" status="PASS">
          <reporter-output>
          </reporter-output>
        </test-method> <!-- tc1 -->
        <test-method is-config="true" signature="closeAllWindow()[pri:0, instance:org.main.Flipkart@13e344d]" started-at="2023-12-30T13:27:48 IST" name="closeAllWindow" finished-at="2023-12-30T13:27:52 IST" duration-ms="3372" status="PASS">
          <reporter-output>
          </reporter-output>
        </test-method> <!-- closeAllWindow -->
      </class> <!-- org.main.Flipkart -->
    </test> <!-- Default test -->
  </suite> <!-- Default suite -->
</testng-results>
